
state 0
	$accept: .top $end 

	'('  shift 7
	'\''  shift 8
	NUMBER  shift 4
	IDENT  shift 3
	STRING  shift 5
	.  error

	top  goto 1
	expr  goto 6
	atom  goto 2

state 1
	$accept:  top.$end 

	$end  accept
	.  error


state 2
	top:  atom.    (1)

	.  reduce 1 (src line 31)


state 3
	atom:  IDENT.    (8)

	.  reduce 8 (src line 49)


state 4
	atom:  NUMBER.    (9)

	.  reduce 9 (src line 51)


state 5
	atom:  STRING.    (10)

	.  reduce 10 (src line 52)


state 6
	atom:  expr.    (11)

	.  reduce 11 (src line 53)


state 7
	expr:  '('.')' 
	expr:  '('.atoms ')' 
	expr:  '('.atom '.' atom ')' 

	'('  shift 7
	')'  shift 9
	'\''  shift 8
	NUMBER  shift 4
	IDENT  shift 3
	STRING  shift 5
	.  error

	expr  goto 6
	atom  goto 11
	atoms  goto 10

state 8
	expr:  '\''.expr 

	'('  shift 7
	'\''  shift 8
	.  error

	expr  goto 12

state 9
	expr:  '(' ')'.    (2)

	.  reduce 2 (src line 37)


state 10
	expr:  '(' atoms.')' 

	')'  shift 13
	.  error


state 11
	expr:  '(' atom.'.' atom ')' 
	atoms:  atom.    (6)
	atoms:  atom.atoms 

	'('  shift 7
	'.'  shift 14
	'\''  shift 8
	NUMBER  shift 4
	IDENT  shift 3
	STRING  shift 5
	.  reduce 6 (src line 45)

	expr  goto 6
	atom  goto 16
	atoms  goto 15

state 12
	expr:  '\'' expr.    (5)

	.  reduce 5 (src line 41)


state 13
	expr:  '(' atoms ')'.    (3)

	.  reduce 3 (src line 39)


state 14
	expr:  '(' atom '.'.atom ')' 

	'('  shift 7
	'\''  shift 8
	NUMBER  shift 4
	IDENT  shift 3
	STRING  shift 5
	.  error

	expr  goto 6
	atom  goto 17

state 15
	atoms:  atom atoms.    (7)

	.  reduce 7 (src line 47)


state 16
	atoms:  atom.    (6)
	atoms:  atom.atoms 

	'('  shift 7
	'\''  shift 8
	NUMBER  shift 4
	IDENT  shift 3
	STRING  shift 5
	.  reduce 6 (src line 45)

	expr  goto 6
	atom  goto 16
	atoms  goto 15

state 17
	expr:  '(' atom '.' atom.')' 

	')'  shift 18
	.  error


state 18
	expr:  '(' atom '.' atom ')'.    (4)

	.  reduce 4 (src line 40)


11 terminals, 5 nonterminals
12 grammar rules, 19/16000 states
0 shift/reduce, 0 reduce/reduce conflicts reported
54 working sets used
memory: parser 11/240000
12 extra closures
31 shift entries, 1 exceptions
9 goto entries
6 entries saved by goto default
Optimizer space used: output 33/240000
33 table entries, 3 zero
maximum spread: 10, maximum offset: 14
